<?xml version="1.0" encoding="UTF-8"?>
<testsuite name="jp.com.inotaku.service.BlogDaoServiceStubTest" tests="1" skipped="0" failures="0" errors="0" timestamp="2014-11-25T10:37:23" hostname="yuraku-PC" time="0.0">
  <properties/>
  <testcase name="update" classname="jp.com.inotaku.service.BlogDaoServiceStubTest" time="0.0"/>
  <system-out><![CDATA[]]></system-out>
  <system-err><![CDATA[]]></system-err>
</testsuite>
