<?xml version="1.0" encoding="UTF-8"?>
<testsuite name="jp.com.inotaku.domain.CustomerTest" tests="1" skipped="0" failures="0" errors="0" timestamp="2014-11-26T10:31:10" hostname="yuraku-PC" time="3.521">
  <properties/>
  <testcase name="test" classname="jp.com.inotaku.domain.CustomerTest" time="3.521"/>
  <system-out><![CDATA[INFO  XmlBeanDefinitionReader - Loading XML bean definitions from URL [file:src/main/resources/spring/application-config.xml]
INFO  GenericApplicationContext - Refreshing org.springframework.context.support.GenericApplicationContext@1e5f0fd7: startup date [Wed Nov 26 19:31:11 JST 2014]; root of context hierarchy
INFO  PropertySourcesPlaceholderConfigurer - Loading properties file from class path resource [spring/database.properties]
INFO  LocalContainerEntityManagerFactoryBean - Building JPA container EntityManagerFactory for persistence unit 'persistenceUnit'
2014-11-26 19:31:11,848 [Test worker] INFO  org.hibernate.annotations.common.Version - HCANN000001: Hibernate Commons Annotations {4.0.1.Final}
2014-11-26 19:31:11,856 [Test worker] INFO  org.hibernate.Version - HHH000412: Hibernate Core {4.2.1.Final}
2014-11-26 19:31:11,859 [Test worker] INFO  org.hibernate.cfg.Environment - HHH000206: hibernate.properties not found
2014-11-26 19:31:11,860 [Test worker] INFO  org.hibernate.cfg.Environment - HHH000021: Bytecode provider name : javassist
2014-11-26 19:31:11,900 [Test worker] INFO  org.hibernate.ejb.Ejb3Configuration - HHH000204: Processing PersistenceUnitInfo [
	name: persistenceUnit
	...]
2014-11-26 19:31:12,476 [Test worker] INFO  org.hibernate.service.jdbc.connections.internal.ConnectionProviderInitiator - HHH000130: Instantiating explicit connection provider: org.hibernate.ejb.connection.InjectedDataSourceConnectionProvider
2014-11-26 19:31:12,761 [Test worker] INFO  org.hibernate.dialect.Dialect - HHH000400: Using dialect: org.hibernate.dialect.MySQLDialect
2014-11-26 19:31:12,792 [Test worker] INFO  org.hibernate.engine.transaction.internal.TransactionFactoryInitiator - HHH000268: Transaction strategy: org.hibernate.engine.transaction.internal.jdbc.JdbcTransactionFactory
2014-11-26 19:31:12,800 [Test worker] INFO  org.hibernate.hql.internal.ast.ASTQueryTranslatorFactory - HHH000397: Using ASTQueryTranslatorFactory
2014-11-26 19:31:12,858 [Test worker] INFO  org.hibernate.validator.internal.util.Version - HV000001: Hibernate Validator 4.3.0.Final
2014-11-26 19:31:13,215 [Test worker] INFO  org.hibernate.tool.hbm2ddl.SchemaExport - HHH000227: Running hbm2ddl schema export
2014-11-26 19:31:13,236 [Test worker] ERROR org.hibernate.tool.hbm2ddl.SchemaExport - HHH000389: Unsuccessful: alter table role drop foreign key FK_8912343a173840298b0d44bf83c
2014-11-26 19:31:13,236 [Test worker] ERROR org.hibernate.tool.hbm2ddl.SchemaExport - Can't DROP 'FK_8912343a173840298b0d44bf83c'; check that column/key exists
2014-11-26 19:31:13,239 [Test worker] ERROR org.hibernate.tool.hbm2ddl.SchemaExport - HHH000389: Unsuccessful: drop table if exists customer
2014-11-26 19:31:13,239 [Test worker] ERROR org.hibernate.tool.hbm2ddl.SchemaExport - Cannot delete or update a parent row: a foreign key constraint fails
2014-11-26 19:31:13,288 [Test worker] ERROR org.hibernate.tool.hbm2ddl.SchemaExport - HHH000389: Unsuccessful: create table customer (customer_id bigint not null auto_increment, customer_name varchar(255), password varchar(255), primary key (customer_id))
2014-11-26 19:31:13,288 [Test worker] ERROR org.hibernate.tool.hbm2ddl.SchemaExport - Table 'customer' already exists
2014-11-26 19:31:13,466 [Test worker] INFO  org.hibernate.tool.hbm2ddl.SchemaExport - HHH000230: Schema export complete
INFO  TransactionalTestExecutionListener - Began transaction (1): transaction manager [org.springframework.orm.jpa.JpaTransactionManager@3af17adf]; rollback [true]
INFO  TransactionalTestExecutionListener - Rolled back transaction after test execution for test context [TestContext@776bdee0 testClass = CustomerTest, testInstance = jp.com.inotaku.domain.CustomerTest@4af58160, testMethod = test@CustomerTest, testException = [null], mergedContextConfiguration = [MergedContextConfiguration@3c00ec12 testClass = CustomerTest, locations = '{file:src/main/resources/spring/application-config.xml}', classes = '{}', contextInitializerClasses = '[]', activeProfiles = '{}', contextLoader = 'org.springframework.test.context.support.DelegatingSmartContextLoader', parent = [null]]]
]]></system-out>
  <system-err><![CDATA[]]></system-err>
</testsuite>
