<?xml version="1.0" encoding="UTF-8"?>
<testsuite name="jp.com.inotaku.service.RoleServiceTest" tests="1" skipped="0" failures="0" errors="0" timestamp="2014-11-26T10:31:14" hostname="yuraku-PC" time="0.663">
  <properties/>
  <testcase name="saveRoleTest" classname="jp.com.inotaku.service.RoleServiceTest" time="0.663"/>
  <system-out><![CDATA[INFO  XmlBeanDefinitionReader - Loading XML bean definitions from file [C:\Users\yuraku\git\VaggieMarket\VaggieMarketApp\Customer\build\resources\main\spring\application-config.xml]
INFO  GenericApplicationContext - Refreshing org.springframework.context.support.GenericApplicationContext@45b4cc03: startup date [Wed Nov 26 19:31:14 JST 2014]; root of context hierarchy
INFO  PropertySourcesPlaceholderConfigurer - Loading properties file from class path resource [spring/database.properties]
INFO  LocalContainerEntityManagerFactoryBean - Building JPA container EntityManagerFactory for persistence unit 'persistenceUnit'
2014-11-26 19:31:14,231 [Test worker] INFO  org.hibernate.ejb.Ejb3Configuration - HHH000204: Processing PersistenceUnitInfo [
	name: persistenceUnit
	...]
2014-11-26 19:31:14,239 [Test worker] INFO  org.hibernate.service.jdbc.connections.internal.ConnectionProviderInitiator - HHH000130: Instantiating explicit connection provider: org.hibernate.ejb.connection.InjectedDataSourceConnectionProvider
2014-11-26 19:31:14,265 [Test worker] INFO  org.hibernate.dialect.Dialect - HHH000400: Using dialect: org.hibernate.dialect.MySQLDialect
2014-11-26 19:31:14,266 [Test worker] INFO  org.hibernate.engine.transaction.internal.TransactionFactoryInitiator - HHH000268: Transaction strategy: org.hibernate.engine.transaction.internal.jdbc.JdbcTransactionFactory
2014-11-26 19:31:14,266 [Test worker] INFO  org.hibernate.hql.internal.ast.ASTQueryTranslatorFactory - HHH000397: Using ASTQueryTranslatorFactory
2014-11-26 19:31:14,283 [Test worker] INFO  org.hibernate.tool.hbm2ddl.SchemaExport - HHH000227: Running hbm2ddl schema export
2014-11-26 19:31:14,300 [Test worker] ERROR org.hibernate.tool.hbm2ddl.SchemaExport - HHH000389: Unsuccessful: alter table role drop foreign key FK_a88cf00e13d046019a13713bdd4
2014-11-26 19:31:14,300 [Test worker] ERROR org.hibernate.tool.hbm2ddl.SchemaExport - Can't DROP 'FK_a88cf00e13d046019a13713bdd4'; check that column/key exists
2014-11-26 19:31:14,328 [Test worker] ERROR org.hibernate.tool.hbm2ddl.SchemaExport - HHH000389: Unsuccessful: drop table if exists customer
2014-11-26 19:31:14,329 [Test worker] ERROR org.hibernate.tool.hbm2ddl.SchemaExport - Cannot delete or update a parent row: a foreign key constraint fails
2014-11-26 19:31:14,347 [Test worker] ERROR org.hibernate.tool.hbm2ddl.SchemaExport - HHH000389: Unsuccessful: create table customer (customer_id bigint not null auto_increment, customer_name varchar(255), password varchar(255), primary key (customer_id))
2014-11-26 19:31:14,347 [Test worker] ERROR org.hibernate.tool.hbm2ddl.SchemaExport - Table 'customer' already exists
2014-11-26 19:31:14,526 [Test worker] INFO  org.hibernate.tool.hbm2ddl.SchemaExport - HHH000230: Schema export complete
2014-11-26 19:31:14,528 [Test worker] WARN  org.hibernate.ejb.internal.EntityManagerFactoryRegistry - HHH000436: Entity manager factory name (persistenceUnit) is already registered.  If entity manager will be clustered or passivated, specify a unique value for property 'hibernate.ejb.entitymanager_factory_name'
]]></system-out>
  <system-err><![CDATA[]]></system-err>
</testsuite>
