<?xml version="1.0" encoding="UTF-8"?>
<testsuite name="jp.com.inotaku.UserTest" tests="1" skipped="0" failures="0" errors="0" timestamp="2014-11-20T08:36:54" hostname="yuraku-PC" time="0.002">
  <properties/>
  <testcase name="test" classname="jp.com.inotaku.UserTest" time="0.002"/>
  <system-out><![CDATA[]]></system-out>
  <system-err><![CDATA[]]></system-err>
</testsuite>
